***************** properties *****************
"mysql.password"="dbpass"
"workload"="core"
"mysql.port"="40001"
"requestdistribution"="uniform"
"updateproportion"="0"
"mysql.db"="ycsbtest"
"operationcount"="1000"
"recordcount"="100000"
"readallfields"="true"
"dotransactions"="true"
"readproportion"="0.5"
"scanproportion"="0"
"readmodifywriteproportion"="0.5"
"insertproportion"="0"
"mysql.host"="172.17.211.167"
"threadcount"="1632"
"mysql.user"="root"
**********************************************
totalOpCount(operationcount/insertcount/recordcount): 1000 should be bigger than threadCount: 1632
