# ------------------------------------------------------------
# Loading SQL file sql.mysql/tableCreates.sql
# ------------------------------------------------------------
create table bmsql_config (
cfg_name    varchar(30) primary key,
cfg_value   varchar(50)
);
create table bmsql_warehouse (
w_id        integer   not null,
w_ytd       decimal(12,2),
w_tax       decimal(4,4),
w_name      varchar(10),
w_street_1  varchar(20),
w_street_2  varchar(20),
w_city      varchar(20),
w_state     char(2),
w_zip       char(9),
constraint pk_warehouse primary key (w_id)
);
create table bmsql_district (
d_w_id       integer       not null,
d_id         integer       not null,
d_ytd        decimal(12,2),
d_tax        decimal(4,4),
d_next_o_id  integer,
d_name       varchar(10),
d_street_1   varchar(20),
d_street_2   varchar(20),
d_city       varchar(20),
d_state      char(2),
d_zip        char(9),
constraint pk_district primary key (d_w_id, d_id)
);
create table bmsql_customer (
c_w_id         integer        not null,
c_d_id         integer        not null,
c_id           integer        not null,
c_discount     decimal(4,4),
c_credit       char(2),
c_last         varchar(16),
c_first        varchar(16),
c_credit_lim   decimal(12,2),
c_balance      decimal(12,2),
c_ytd_payment  decimal(12,2),
c_payment_cnt  integer,
c_delivery_cnt integer,
c_street_1     varchar(20),
c_street_2     varchar(20),
c_city         varchar(20),
c_state        char(2),
c_zip          char(9),
c_phone        char(16),
c_since        timestamp,
c_middle       char(2),
c_data         varchar(500),
constraint pk_customer primary key (c_w_id, c_d_id, c_id),
key bmsql_customer_idx1 (c_w_id, c_d_id, c_last, c_first)
);
-- create sequence bmsql_hist_id_seq;
create table bmsql_history (
hist_id  integer not null auto_increment  primary key,
h_c_id   integer,
h_c_d_id integer,
h_c_w_id integer,
h_d_id   integer,
h_w_id   integer,
h_date   timestamp,
h_amount decimal(6,2),
h_data   varchar(24)
);
create table bmsql_new_order (
no_w_id  integer   not null,
no_d_id  integer   not null,
no_o_id  integer   not null,
constraint pk_new_order primary key (no_w_id, no_d_id, no_o_id)
);
create table bmsql_oorder (
o_w_id       integer      not null,
o_d_id       integer      not null,
o_id         integer      not null,
o_c_id       integer,
o_carrier_id integer,
o_ol_cnt     integer,
o_all_local  integer,
o_entry_d    timestamp,
constraint pk_oorder primary key (o_w_id, o_d_id, o_id),
constraint bmsql_oorder_idx1 unique key (o_w_id, o_d_id, o_c_id, o_id)
);
create table bmsql_order_line (
ol_w_id         integer   not null,
ol_d_id         integer   not null,
ol_o_id         integer   not null,
ol_number       integer   not null,
ol_i_id         integer   not null,
ol_delivery_d   timestamp,
ol_amount       decimal(6,2),
ol_supply_w_id  integer,
ol_quantity     integer,
ol_dist_info    char(24),
constraint pk_order_line primary key (ol_w_id, ol_d_id, ol_o_id, ol_number)
);
create table bmsql_item (
i_id     integer      not null,
i_name   varchar(24),
i_price  decimal(5,2),
i_data   varchar(50),
i_im_id  integer,
constraint pk_item primary key (i_id)
);
create table bmsql_stock (
s_w_id       integer       not null,
s_i_id       integer       not null,
s_quantity   integer,
s_ytd        integer,
s_order_cnt  integer,
s_remote_cnt integer,
s_data       varchar(50),
s_dist_01    char(24),
s_dist_02    char(24),
s_dist_03    char(24),
s_dist_04    char(24),
s_dist_05    char(24),
s_dist_06    char(24),
s_dist_07    char(24),
s_dist_08    char(24),
s_dist_09    char(24),
s_dist_10    char(24),
constraint pk_stock primary key (s_w_id, s_i_id)
);
# ------------------------------------------------------------
# Loading SQL file sql.mysql/indexCreates.sql
# ------------------------------------------------------------
Starting BenchmarkSQL LoadData

driver=com.mysql.jdbc.Driver
conn=jdbc:mysql://172.17.211.167:40001/tpcc?useSSL=false&useServerPrepStmts=true&useConfigs=maxPerformance&rewriteBatchedStatements=true
user=root
password=***********
warehouses=100
loadWorkers=8
fileLocation (not defined)
csvNullValue (not defined - using default 'NULL')

Worker 000: Loading ITEM
Worker 001: Loading Warehouse      1
Worker 002: Loading Warehouse      2
Worker 003: Loading Warehouse      3
Worker 004: Loading Warehouse      4
Worker 005: Loading Warehouse      5
Worker 006: Loading Warehouse      6
Worker 007: Loading Warehouse      7
Worker 000: Loading ITEM done
Worker 000: Loading Warehouse      8
Worker 006: Loading Warehouse      6 done
Worker 006: Loading Warehouse      9
Worker 007: Loading Warehouse      7 done
Worker 007: Loading Warehouse     10
Worker 003: Loading Warehouse      3 done
Worker 003: Loading Warehouse     11
Worker 004: Loading Warehouse      4 done
Worker 004: Loading Warehouse     12
Worker 001: Loading Warehouse      1 done
Worker 001: Loading Warehouse     13
Worker 002: Loading Warehouse      2 done
Worker 002: Loading Warehouse     14
Worker 005: Loading Warehouse      5 done
Worker 005: Loading Warehouse     15
Worker 000: Loading Warehouse      8 done
Worker 000: Loading Warehouse     16
Worker 006: Loading Warehouse      9 done
Worker 006: Loading Warehouse     17
Worker 007: Loading Warehouse     10 done
Worker 007: Loading Warehouse     18
Worker 003: Loading Warehouse     11 done
Worker 003: Loading Warehouse     19
Worker 004: Loading Warehouse     12 done
Worker 004: Loading Warehouse     20
Worker 001: Loading Warehouse     13 done
Worker 001: Loading Warehouse     21
Worker 002: Loading Warehouse     14 done
Worker 002: Loading Warehouse     22
Worker 005: Loading Warehouse     15 done
Worker 005: Loading Warehouse     23
Worker 000: Loading Warehouse     16 done
Worker 000: Loading Warehouse     24
Worker 006: Loading Warehouse     17 done
Worker 006: Loading Warehouse     25
Worker 007: Loading Warehouse     18 done
Worker 007: Loading Warehouse     26
Worker 003: Loading Warehouse     19 done
Worker 003: Loading Warehouse     27
Worker 004: Loading Warehouse     20 done
Worker 004: Loading Warehouse     28
Worker 005: Loading Warehouse     23 done
Worker 005: Loading Warehouse     29
Worker 001: Loading Warehouse     21 done
Worker 001: Loading Warehouse     30
Worker 002: Loading Warehouse     22 done
Worker 002: Loading Warehouse     31
Worker 000: Loading Warehouse     24 done
Worker 000: Loading Warehouse     32
Worker 006: Loading Warehouse     25 done
Worker 006: Loading Warehouse     33
Worker 007: Loading Warehouse     26 done
Worker 007: Loading Warehouse     34
Worker 004: Loading Warehouse     28 done
Worker 004: Loading Warehouse     35
Worker 003: Loading Warehouse     27 done
Worker 003: Loading Warehouse     36
Worker 005: Loading Warehouse     29 done
Worker 005: Loading Warehouse     37
Worker 001: Loading Warehouse     30 done
Worker 001: Loading Warehouse     38
Worker 002: Loading Warehouse     31 done
Worker 002: Loading Warehouse     39
Worker 000: Loading Warehouse     32 done
Worker 000: Loading Warehouse     40
Worker 006: Loading Warehouse     33 done
Worker 006: Loading Warehouse     41
Worker 003: Loading Warehouse     36 done
Worker 003: Loading Warehouse     42
Worker 007: Loading Warehouse     34 done
Worker 007: Loading Warehouse     43
Worker 004: Loading Warehouse     35 done
Worker 004: Loading Warehouse     44
Worker 005: Loading Warehouse     37 done
Worker 005: Loading Warehouse     45
Worker 001: Loading Warehouse     38 done
Worker 001: Loading Warehouse     46
Worker 002: Loading Warehouse     39 done
Worker 002: Loading Warehouse     47
Worker 000: Loading Warehouse     40 done
Worker 000: Loading Warehouse     48
Worker 006: Loading Warehouse     41 done
Worker 006: Loading Warehouse     49
Worker 003: Loading Warehouse     42 done
Worker 003: Loading Warehouse     50
Worker 007: Loading Warehouse     43 done
Worker 007: Loading Warehouse     51
Worker 004: Loading Warehouse     44 done
Worker 004: Loading Warehouse     52
Worker 005: Loading Warehouse     45 done
Worker 005: Loading Warehouse     53
Worker 002: Loading Warehouse     47 done
Worker 002: Loading Warehouse     54
Worker 001: Loading Warehouse     46 done
Worker 001: Loading Warehouse     55
Worker 000: Loading Warehouse     48 done
Worker 000: Loading Warehouse     56
Worker 006: Loading Warehouse     49 done
Worker 006: Loading Warehouse     57
Worker 003: Loading Warehouse     50 done
Worker 003: Loading Warehouse     58
Worker 007: Loading Warehouse     51 done
Worker 007: Loading Warehouse     59
Worker 004: Loading Warehouse     52 done
Worker 004: Loading Warehouse     60
Worker 005: Loading Warehouse     53 done
Worker 005: Loading Warehouse     61
